Using pre-set license
Built from '2021.1/staging' branch; Version is '2021.1.28f1 (f3f9dc10f3dd) revision 15989212'; Using compiler version '192528614'; Build Type 'Release'
OS: 'Windows 10 Home; OS build 19042.1288; Version 2009; 64bit' Language: 'fr' Physical Memory: 16166 MB
BatchMode: 1, IsHumanControllingUs: 0, StartBugReporterOnCrash: 0, Is64bit: 1, IsPro: 0

COMMAND LINE ARGUMENTS:
C:\Program Files\Unity\Hub\Editor\2021.1.28f1\Editor\Unity.exe
-adb2
-batchMode
-noUpm
-name
AssetImportWorker0
-projectPath
D:/UNITY TEST/gevaudan game unity project/New Unity Project
-logFile
Logs/AssetImportWorker0.log
-srvPort
59828
Successfully changed project path to: D:/UNITY TEST/gevaudan game unity project/New Unity Project
D:/UNITY TEST/gevaudan game unity project/New Unity Project
Using Asset Import Pipeline V2.
Refreshing native plugins compatible for Editor in 38.28 ms, found 2 plugins.
Preloading 0 native plugins for Editor in 0.00 ms.
Initialize engine version: 2021.1.28f1 (f3f9dc10f3dd)
[Subsystems] Discovering subsystems at path C:/Program Files/Unity/Hub/Editor/2021.1.28f1/Editor/Data/Resources/UnitySubsystems
[Subsystems] Discovering subsystems at path D:/UNITY TEST/gevaudan game unity project/New Unity Project/Assets
GfxDevice: creating device client; threaded=0; jobified=0
Direct3D:
    Version:  Direct3D 11.0 [level 11.1]
    Renderer: NVIDIA GeForce RTX 3060 Ti (ID=0x2486)
    Vendor:   NVIDIA
    VRAM:     8050 MB
    Driver:   30.0.14.9649
Initialize mono
Mono path[0] = 'C:/Program Files/Unity/Hub/Editor/2021.1.28f1/Editor/Data/Managed'
Mono path[1] = 'C:/Program Files/Unity/Hub/Editor/2021.1.28f1/Editor/Data/MonoBleedingEdge/lib/mono/unityjit'
Mono config path = 'C:/Program Files/Unity/Hub/Editor/2021.1.28f1/Editor/Data/MonoBleedingEdge/etc'
Using monoOptions --debugger-agent=transport=dt_socket,embedding=1,server=y,suspend=n,address=127.0.0.1:56136
Begin MonoManager ReloadAssembly
Registering precompiled unity dll's ...
Register platform support module: C:/Program Files/Unity/Hub/Editor/2021.1.28f1/Editor/Data/PlaybackEngines/WindowsStandaloneSupport/UnityEditor.WindowsStandalone.Extensions.dll
Registered in 0.001508 seconds.
Native extension for WindowsStandalone target not found
Refreshing native plugins compatible for Editor in 97.39 ms, found 2 plugins.
Preloading 0 native plugins for Editor in 0.00 ms.
Mono: successfully reloaded assembly
- Completed reload, in  2.917 seconds
Domain Reload Profiling:
	ReloadAssembly (2918ms)
		BeginReloadAssembly (151ms)
			ExecutionOrderSort (0ms)
			DisableScriptedObjects (0ms)
			BackupInstance (0ms)
			ReleaseScriptingObjects (0ms)
			CreateAndSetChildDomain (1ms)
		EndReloadAssembly (859ms)
			LoadAssemblies (145ms)
			RebuildTransferFunctionScriptingTraits (0ms)
			SetupTypeCache (267ms)
			ReleaseScriptCaches (0ms)
			RebuildScriptCaches (64ms)
			SetupLoadedEditorAssemblies (448ms)
				LogAssemblyErrors (0ms)
				InitializePlatformSupportModulesInManaged (8ms)
				SetLoadedEditorAssemblies (0ms)
				RefreshPlugins (98ms)
				BeforeProcessingInitializeOnLoad (3ms)
				ProcessInitializeOnLoadAttributes (309ms)
				ProcessInitializeOnLoadMethodAttributes (29ms)
				AfterProcessingInitializeOnLoad (0ms)
				EditorAssembliesLoaded (0ms)
			ExecutionOrderSort2 (0ms)
			AwakeInstancesAfterBackupRestoration (0ms)
Platform modules already initialized, skipping
Registering precompiled user dll's ...
Registered in 0.011701 seconds.
Begin MonoManager ReloadAssembly
Native extension for WindowsStandalone target not found
Refreshing native plugins compatible for Editor in 0.88 ms, found 2 plugins.
Preloading 0 native plugins for Editor in 0.00 ms.
Mono: successfully reloaded assembly
- Completed reload, in  2.748 seconds
Domain Reload Profiling:
	ReloadAssembly (2749ms)
		BeginReloadAssembly (367ms)
			ExecutionOrderSort (0ms)
			DisableScriptedObjects (11ms)
			BackupInstance (0ms)
			ReleaseScriptingObjects (0ms)
			CreateAndSetChildDomain (47ms)
		EndReloadAssembly (2254ms)
			LoadAssemblies (1013ms)
			RebuildTransferFunctionScriptingTraits (0ms)
			SetupTypeCache (376ms)
			ReleaseScriptCaches (1ms)
			RebuildScriptCaches (91ms)
			SetupLoadedEditorAssemblies (678ms)
				LogAssemblyErrors (0ms)
				InitializePlatformSupportModulesInManaged (11ms)
				SetLoadedEditorAssemblies (1ms)
				RefreshPlugins (1ms)
				BeforeProcessingInitializeOnLoad (136ms)
				ProcessInitializeOnLoadAttributes (516ms)
				ProcessInitializeOnLoadMethodAttributes (6ms)
				AfterProcessingInitializeOnLoad (5ms)
				EditorAssembliesLoaded (0ms)
			ExecutionOrderSort2 (0ms)
			AwakeInstancesAfterBackupRestoration (5ms)
Platform modules already initialized, skipping
========================================================================
Worker process is ready to serve import requests
Launched and connected shader compiler UnityShaderCompiler.exe after 0.11 seconds
Refreshing native plugins compatible for Editor in 1.01 ms, found 2 plugins.
Preloading 0 native plugins for Editor in 0.00 ms.
Unloading 2137 Unused Serialized files (Serialized files now loaded: 0)
System memory in use before: 123.3 MB.
System memory in use after: 123.0 MB.

Unloading 87 unused Assets to reduce memory usage. Loaded Objects now: 2609.
Total: 7.768700 ms (FindLiveObjects: 0.508600 ms CreateObjectMapping: 0.144200 ms MarkObjects: 6.496800 ms  DeleteObjects: 0.615700 ms)

AssetImportParameters requested are different than current active one (requested -> active):
  custom:framework-win-MediaFoundation: 216162199b28c13a410421893ffa2e32 -> 
  custom:video-decoder-ogg-theora: a1e56fd34408186e4bbccfd4996cb3dc -> 
  custom:container-muxer-webm: aa71ff27fc2769a1b78a27578f13a17b -> 
  custom:container-demuxer-webm: 4f35f7cbe854078d1ac9338744f61a02 -> 
  custom:container-demuxer-ogg: 62fdf1f143b41e24485cea50d1cbac27 -> 
  custom:video-encoder-webm-vp8: eb34c28f22e8b96e1ab97ce403110664 -> 
  custom:video-decoder-webm-vp8: 9c59270c3fd7afecdb556c50c9e8de78 -> 
  custom:audio-decoder-ogg-vorbis: bf7c407c2cedff20999df2af8eb42d56 -> 
  custom:audio-encoder-webm-vorbis: bf7c407c2cedff20999df2af8eb42d56 -> 
========================================================================
Received Import Request.
  path: Assets/TAVERNE_PANNEAU.fbx
  artifactKey: Guid(e16f2994bc2548145906c4039c3c6f80) Importer(815301076,1909f56bfc062723c751e8b465ee728b)
Start importing Assets/TAVERNE_PANNEAU.fbx using Guid(e16f2994bc2548145906c4039c3c6f80) Importer(815301076,1909f56bfc062723c751e8b465ee728b)  -> (artifact id: '96e20bf29bb3fed4c6872984effb5ec1') in 0.339138 seconds 
========================================================================
Received Import Request.
  Time since last request: 0.000306 seconds.
  path: Assets/SCENE FOREST WOLF TEST.fbx
  artifactKey: Guid(80bc33e0a0ddbb0408178eba3e2669a9) Importer(815301076,1909f56bfc062723c751e8b465ee728b)
Start importing Assets/SCENE FOREST WOLF TEST.fbx using Guid(80bc33e0a0ddbb0408178eba3e2669a9) Importer(815301076,1909f56bfc062723c751e8b465ee728b)  -> (artifact id: 'c34544862b9785c906d3eef9e667dee7') in 1.056363 seconds 
========================================================================
Received Import Request.
  Time since last request: 0.000498 seconds.
  path: Assets/WOLF_BABY.fbx
  artifactKey: Guid(0f3f13b5085141d49aff21bb9f06159d) Importer(815301076,1909f56bfc062723c751e8b465ee728b)
Start importing Assets/WOLF_BABY.fbx using Guid(0f3f13b5085141d49aff21bb9f06159d) Importer(815301076,1909f56bfc062723c751e8b465ee728b)  -> (artifact id: '3958bfb609a3212cf475f816745d1714') in 0.047630 seconds 
========================================================================
Received Import Request.
  Time since last request: 0.000473 seconds.
  path: Assets/BRIDGE.fbx
  artifactKey: Guid(2d2e6a1f9eaa1ff4fa7d2aacc2839001) Importer(815301076,1909f56bfc062723c751e8b465ee728b)
Start importing Assets/BRIDGE.fbx using Guid(2d2e6a1f9eaa1ff4fa7d2aacc2839001) Importer(815301076,1909f56bfc062723c751e8b465ee728b)  -> (artifact id: '8d883ad4bcbe732ef5266b18a72c6a64') in 0.012279 seconds 
========================================================================
Received Import Request.
  Time since last request: 0.000646 seconds.
  path: Assets/WELL_LD.fbx
  artifactKey: Guid(788a1051ce32b7e489e48a1b5b065d24) Importer(815301076,1909f56bfc062723c751e8b465ee728b)
Start importing Assets/WELL_LD.fbx using Guid(788a1051ce32b7e489e48a1b5b065d24) Importer(815301076,1909f56bfc062723c751e8b465ee728b)  -> (artifact id: '07a4f931f407d5d12b9b4b2345372619') in 0.054745 seconds 
========================================================================
Received Import Request.
  Time since last request: 0.000469 seconds.
  path: Assets/SAPIN.fbx
  artifactKey: Guid(541bbd26dfdcbb449a1146b21103ee20) Importer(815301076,1909f56bfc062723c751e8b465ee728b)
Start importing Assets/SAPIN.fbx using Guid(541bbd26dfdcbb449a1146b21103ee20) Importer(815301076,1909f56bfc062723c751e8b465ee728b)  -> (artifact id: '80e7fee8e1eec0e30dccc1e2a881d006') in 0.207229 seconds 
========================================================================
Received Import Request.
  Time since last request: 0.000448 seconds.
  path: Assets/CHURCH.fbx
  artifactKey: Guid(0693473f54e23ad45adbd5bfe413325e) Importer(815301076,1909f56bfc062723c751e8b465ee728b)
Start importing Assets/CHURCH.fbx using Guid(0693473f54e23ad45adbd5bfe413325e) Importer(815301076,1909f56bfc062723c751e8b465ee728b)  -> (artifact id: 'd8e7e0a8eb23e92365257ef0eaf31cb5') in 0.182027 seconds 
========================================================================
Received Import Request.
  Time since last request: 0.000450 seconds.
  path: Assets/particle.png
  artifactKey: Guid(97705ec483078ec4f8c4916c05ebec7a) Importer(815301076,1909f56bfc062723c751e8b465ee728b)
Start importing Assets/particle.png using Guid(97705ec483078ec4f8c4916c05ebec7a) Importer(815301076,1909f56bfc062723c751e8b465ee728b)  -> (artifact id: '01ce7ffcad26b107476595c6b1fee0ae') in 0.040221 seconds 
========================================================================
Received Import Request.
  Time since last request: 0.000239 seconds.
  path: Assets/TREE TEST.fbx
  artifactKey: Guid(0e78c7541cf4be640a35744cf9242a4c) Importer(815301076,1909f56bfc062723c751e8b465ee728b)
Start importing Assets/TREE TEST.fbx using Guid(0e78c7541cf4be640a35744cf9242a4c) Importer(815301076,1909f56bfc062723c751e8b465ee728b)  -> (artifact id: 'f157ad27ae5b1087245ed1ea5eb2877d') in 0.056791 seconds 
========================================================================
Received Import Request.
  Time since last request: 0.000269 seconds.
  path: Assets/ROCK_TOWER.fbx
  artifactKey: Guid(a10d327a54ef9084d8df96f7d9864450) Importer(815301076,1909f56bfc062723c751e8b465ee728b)
Start importing Assets/ROCK_TOWER.fbx using Guid(a10d327a54ef9084d8df96f7d9864450) Importer(815301076,1909f56bfc062723c751e8b465ee728b)  -> (artifact id: '5fd297fd8e82052dd75a69981d5a3109') in 0.010365 seconds 
========================================================================
Received Import Request.
  Time since last request: 0.000305 seconds.
  path: Assets/WOLF.fbx
  artifactKey: Guid(c90c0292f76c0b0488168f7a9694ae1c) Importer(815301076,1909f56bfc062723c751e8b465ee728b)
Start importing Assets/WOLF.fbx using Guid(c90c0292f76c0b0488168f7a9694ae1c) Importer(815301076,1909f56bfc062723c751e8b465ee728b)  -> (artifact id: '37f9c45a8d2858868f891673ba3a6765') in 0.038545 seconds 
========================================================================
Received Prepare
Registering precompiled user dll's ...
Registered in 0.005793 seconds.
Begin MonoManager ReloadAssembly
Native extension for WindowsStandalone target not found
Refreshing native plugins compatible for Editor in 1.49 ms, found 2 plugins.
Preloading 0 native plugins for Editor in 0.00 ms.
Warning: Annotation not found!
UnityEngine.StackTraceUtility:ExtractStackTrace ()
UnityEditor.ProBuilder.EditorUtility:SetGizmoIconEnabled (System.Type,bool) (at Library/PackageCache/com.unity.probuilder@5.0.3/Editor/EditorCore/EditorUtility.cs:575)
UnityEditor.ProBuilder.HierarchyListener:.cctor () (at Library/PackageCache/com.unity.probuilder@5.0.3/Editor/EditorCore/HierarchyListener.cs:21)
System.Runtime.CompilerServices.RuntimeHelpers:RunClassConstructor (System.RuntimeTypeHandle)
UnityEditor.EditorAssemblies:ProcessInitializeOnLoadAttributes (System.Type[])

[Library/PackageCache/com.unity.probuilder@5.0.3/Editor/EditorCore/EditorUtility.cs line 575]

Mono: successfully reloaded assembly
- Completed reload, in  2.101 seconds
Domain Reload Profiling:
	ReloadAssembly (2101ms)
		BeginReloadAssembly (294ms)
			ExecutionOrderSort (0ms)
			DisableScriptedObjects (3ms)
			BackupInstance (0ms)
			ReleaseScriptingObjects (0ms)
			CreateAndSetChildDomain (86ms)
		EndReloadAssembly (1675ms)
			LoadAssemblies (215ms)
			RebuildTransferFunctionScriptingTraits (0ms)
			SetupTypeCache (535ms)
			ReleaseScriptCaches (2ms)
			RebuildScriptCaches (95ms)
			SetupLoadedEditorAssemblies (678ms)
				LogAssemblyErrors (0ms)
				InitializePlatformSupportModulesInManaged (9ms)
				SetLoadedEditorAssemblies (0ms)
				RefreshPlugins (2ms)
				BeforeProcessingInitializeOnLoad (119ms)
				ProcessInitializeOnLoadAttributes (519ms)
				ProcessInitializeOnLoadMethodAttributes (16ms)
				AfterProcessingInitializeOnLoad (12ms)
				EditorAssembliesLoaded (0ms)
			ExecutionOrderSort2 (0ms)
			AwakeInstancesAfterBackupRestoration (8ms)
Platform modules already initialized, skipping
Refreshing native plugins compatible for Editor in 1.05 ms, found 2 plugins.
Preloading 0 native plugins for Editor in 0.00 ms.
Unloading 2059 Unused Serialized files (Serialized files now loaded: 0)
System memory in use before: 123.4 MB.
System memory in use after: 123.2 MB.

Unloading 16 unused Assets to reduce memory usage. Loaded Objects now: 2670.
Total: 3.122600 ms (FindLiveObjects: 0.276900 ms CreateObjectMapping: 0.130300 ms MarkObjects: 2.529700 ms  DeleteObjects: 0.183900 ms)

AssetImportParameters requested are different than current active one (requested -> active):
  custom:framework-win-MediaFoundation: 216162199b28c13a410421893ffa2e32 -> 
  custom:video-decoder-ogg-theora: a1e56fd34408186e4bbccfd4996cb3dc -> 
  custom:container-muxer-webm: aa71ff27fc2769a1b78a27578f13a17b -> 
  custom:container-demuxer-webm: 4f35f7cbe854078d1ac9338744f61a02 -> 
  custom:container-demuxer-ogg: 62fdf1f143b41e24485cea50d1cbac27 -> 
  custom:video-encoder-webm-vp8: eb34c28f22e8b96e1ab97ce403110664 -> 
  custom:video-decoder-webm-vp8: 9c59270c3fd7afecdb556c50c9e8de78 -> 
  custom:audio-decoder-ogg-vorbis: bf7c407c2cedff20999df2af8eb42d56 -> 
  custom:audio-encoder-webm-vorbis: bf7c407c2cedff20999df2af8eb42d56 -> 
AssetImportWorkerClient::OnTransportError - code=2 error=End of file
